[DEV] Running: python "g:\WEB 2026\nueva-p-gina-Ddream-3D-trae\desktop_app\main.py" C:\Users\dream\AppData\Local\Temp/bamboo_model/Sat_Jan_24/03_05_52#50892#66/Metadata\.50892.0.gcode 
[DEV] Running: python "g:\WEB 2026\nueva-p-gina-Ddream-3D-trae\desktop_app\main.py" C:\Users\dream\AppData\Local\Temp/bamboo_model/Sat_Jan_24/03_05_52#50892#66/Metadata\.50892.0.gcode 
[DEV] Running: python "g:\WEB 2026\nueva-p-gina-Ddream-3D-trae\desktop_app\main.py" C:\Users\dream\AppData\Local\Temp/bamboo_model/Sat_Jan_24/03_05_52#50892#66/Metadata\.50892.0.gcode 
[DEV] Running: python "g:\WEB 2026\nueva-p-gina-Ddream-3D-trae\desktop_app\main.py" C:\Users\dream\AppData\Local\Temp/bamboo_model/Sat_Jan_24/03_05_52#50892#66/Metadata\.50892.0.gcode 
[DEV] Running: python "g:\WEB 2026\nueva-p-gina-Ddream-3D-trae\desktop_app\main.py" C:\Users\dream\AppData\Local\Temp/bamboo_model/Sat_Jan_24/03_05_52#50892#66/Metadata\.50892.0.gcode 
[DEV] Running: python "G:\WEB 2026\nueva-p-gina-Ddream-3D-trae\desktop_app\main.py" C:\Users\dream\AppData\Local\Temp/bamboo_model/Sat_Jan_24/03_05_52#50892#66/Metadata\.50892.0.gcode 
[DEV] Running: python "G:\WEB 2026\nueva-p-gina-Ddream-3D-trae\desktop_app\main.py" C:\Users\dream\AppData\Local\Temp/bamboo_model/Sat_Jan_24/07_52_11#6756#50/Metadata\.6756.0.gcode 
[DEV] Running: python "G:\WEB 2026\nueva-p-gina-Ddream-3D-trae\desktop_app\main.py" C:\Users\dream\AppData\Local\Temp/bamboo_model/Sun_Jan_25/19_45_04#29640#50/Metadata\.29640.0.gcode 
[DEV] Running: python "G:\WEB 2026\nueva-p-gina-Ddream-3D-trae\desktop_app\main.py" C:\Users\dream\AppData\Local\Temp/bamboo_model/Sun_Jan_25/19_45_04#29640#50/Metadata\.29640.1.gcode 
[DEV] Running: python "G:\WEB 2026\nueva-p-gina-Ddream-3D-trae\desktop_app\main.py" C:\Users\dream\AppData\Local\Temp/bamboo_model/Sun_Jan_25/19_45_04#29640#50/Metadata\.29640.2.gcode 
[DEV] Running: python "G:\WEB 2026\nueva-p-gina-Ddream-3D-trae\desktop_app\main.py" C:\Users\dream\AppData\Local\Temp/bamboo_model/Sun_Jan_25/19_45_04#29640#50/Metadata\.29640.2.gcode 
[DEV] Running: python "G:\WEB 2026\nueva-p-gina-Ddream-3D-trae\desktop_app\main.py" C:\Users\dream\AppData\Local\Temp/bamboo_model/Sun_Jan_25/19_45_04#29640#50/Metadata\.29640.0.gcode 
[DEV] Running: python "G:\WEB 2026\nueva-p-gina-Ddream-3D-trae\desktop_app\main.py" C:\Users\dream\AppData\Local\Temp/bamboo_model/Sun_Jan_25/19_45_04#29640#50/Metadata\.29640.1.gcode 
[DEV] Running: python "G:\WEB 2026\nueva-p-gina-Ddream-3D-trae\desktop_app\main.py" C:\Users\dream\AppData\Local\Temp/bamboo_model/Sun_Jan_25/19_45_04#29640#50/Metadata\.29640.2.gcode 
[DEV] Running: python "G:\WEB 2026\nueva-p-gina-Ddream-3D-trae\desktop_app\main.py" C:\Users\dream\AppData\Local\Temp/bamboo_model/Sun_Jan_25/19_45_04#29640#50/Metadata\.29640.2.gcode 
[DEV] Running: python "G:\WEB 2026\nueva-p-gina-Ddream-3D-trae\desktop_app\main.py" C:\Users\dream\AppData\Local\Temp/bamboo_model/Sun_Jan_25/19_45_04#29640#50/Metadata\.29640.0.gcode 
[DEV] Running: python "G:\WEB 2026\nueva-p-gina-Ddream-3D-trae\desktop_app\main.py" C:\Users\dream\AppData\Local\Temp/bamboo_model/Sun_Jan_25/19_45_04#29640#50/Metadata\.29640.1.gcode 
[DEV] Running: python "G:\WEB 2026\nueva-p-gina-Ddream-3D-trae\desktop_app\main.py" C:\Users\dream\AppData\Local\Temp/bamboo_model/Sun_Jan_25/19_45_04#29640#50/Metadata\.29640.2.gcode 
[DEV] Running: python "G:\WEB 2026\nueva-p-gina-Ddream-3D-trae\desktop_app\main.py" C:\Users\dream\AppData\Local\Temp/bamboo_model/Sun_Jan_25/19_45_04#29640#50/Metadata\.29640.0.gcode 
[DEV] Running: python "G:\WEB 2026\nueva-p-gina-Ddream-3D-trae\desktop_app\main.py" C:\Users\dream\AppData\Local\Temp/bamboo_model/Sun_Jan_25/19_45_04#29640#50/Metadata\.29640.1.gcode 
[DEV] Running: python "G:\WEB 2026\nueva-p-gina-Ddream-3D-trae\desktop_app\main.py" C:\Users\dream\AppData\Local\Temp/bamboo_model/Sun_Jan_25/19_45_04#29640#50/Metadata\.29640.2.gcode 
[DEV] Running: python "G:\WEB 2026\nueva-p-gina-Ddream-3D-trae\desktop_app\main.py" C:\Users\dream\AppData\Local\Temp/bamboo_model/Sun_Jan_25/19_45_04#29640#50/Metadata\.29640.0.gcode 
[DEV] Running: python "G:\WEB 2026\nueva-p-gina-Ddream-3D-trae\desktop_app\main.py" C:\Users\dream\AppData\Local\Temp/bamboo_model/Sun_Jan_25/19_45_04#29640#50/Metadata\.29640.1.gcode 
[DEV] Running: python "G:\WEB 2026\nueva-p-gina-Ddream-3D-trae\desktop_app\main.py" C:\Users\dream\AppData\Local\Temp/bamboo_model/Sun_Jan_25/19_45_04#29640#50/Metadata\.29640.2.gcode 
[DEV] Running: python "G:\WEB 2026\nueva-p-gina-Ddream-3D-trae\desktop_app\main.py" C:\Users\dream\AppData\Local\Temp/bamboo_model/Sun_Jan_25/19_45_04#29640#50/Metadata\.29640.0.gcode 
[DEV] Running: python "G:\WEB 2026\nueva-p-gina-Ddream-3D-trae\desktop_app\main.py" C:\Users\dream\AppData\Local\Temp/bamboo_model/Sun_Jan_25/19_45_04#29640#50/Metadata\.29640.1.gcode 
[DEV] Running: python "G:\WEB 2026\nueva-p-gina-Ddream-3D-trae\desktop_app\main.py" C:\Users\dream\AppData\Local\Temp/bamboo_model/Sun_Jan_25/19_45_04#29640#50/Metadata\.29640.2.gcode 
[DEV] Running: python "G:\WEB 2026\nueva-p-gina-Ddream-3D-trae\desktop_app\main.py" C:\Users\dream\AppData\Local\Temp/bamboo_model/Sun_Jan_25/19_45_04#29640#50/Metadata\.29640.0.gcode 
[DEV] Running: python "G:\WEB 2026\nueva-p-gina-Ddream-3D-trae\desktop_app\main.py" C:\Users\dream\AppData\Local\Temp/bamboo_model/Sun_Jan_25/19_45_04#29640#50/Metadata\.29640.1.gcode 
[DEV] Running: python "G:\WEB 2026\nueva-p-gina-Ddream-3D-trae\desktop_app\main.py" C:\Users\dream\AppData\Local\Temp/bamboo_model/Sun_Jan_25/19_45_04#29640#50/Metadata\.29640.2.gcode 
[DEV] Running: python "G:\WEB 2026\nueva-p-gina-Ddream-3D-trae\desktop_app\main.py" C:\Users\dream\AppData\Local\Temp/bamboo_model/Sun_Jan_25/19_45_04#29640#50/Metadata\.29640.0.gcode 
[DEV] Running: python "G:\WEB 2026\nueva-p-gina-Ddream-3D-trae\desktop_app\main.py" C:\Users\dream\AppData\Local\Temp/bamboo_model/Sun_Jan_25/19_45_04#29640#50/Metadata\.29640.1.gcode 
[DEV] Running: python "G:\WEB 2026\nueva-p-gina-Ddream-3D-trae\desktop_app\main.py" C:\Users\dream\AppData\Local\Temp/bamboo_model/Sun_Jan_25/19_45_04#29640#50/Metadata\.29640.2.gcode 
[DEV] Running: python "G:\WEB 2026\nueva-p-gina-Ddream-3D-trae\desktop_app\main.py" C:\Users\dream\AppData\Local\Temp/bamboo_model/Sun_Jan_25/19_45_04#29640#50/Metadata\.29640.0.gcode 
[DEV] Running: python "G:\WEB 2026\nueva-p-gina-Ddream-3D-trae\desktop_app\main.py" C:\Users\dream\AppData\Local\Temp/bamboo_model/Sun_Jan_25/19_45_04#29640#50/Metadata\.29640.1.gcode 
[DEV] Running: python "G:\WEB 2026\nueva-p-gina-Ddream-3D-trae\desktop_app\main.py" C:\Users\dream\AppData\Local\Temp/bamboo_model/Sun_Jan_25/19_45_04#29640#50/Metadata\.29640.2.gcode 
[DEV] Running: python "G:\WEB 2026\nueva-p-gina-Ddream-3D-trae\desktop_app\main.py" C:\Users\dream\AppData\Local\Temp/bamboo_model/Sun_Jan_25/19_45_04#29640#50/Metadata\.29640.0.gcode 
[DEV] Running: python "G:\WEB 2026\nueva-p-gina-Ddream-3D-trae\desktop_app\main.py" C:\Users\dream\AppData\Local\Temp/bamboo_model/Sun_Jan_25/19_45_04#29640#50/Metadata\.29640.1.gcode 
[DEV] Running: python "G:\WEB 2026\nueva-p-gina-Ddream-3D-trae\desktop_app\main.py" C:\Users\dream\AppData\Local\Temp/bamboo_model/Sun_Jan_25/19_45_04#29640#50/Metadata\.29640.2.gcode 
[DEV] Running: python "G:\WEB 2026\nueva-p-gina-Ddream-3D-trae\desktop_app\main.py" C:\Users\dream\AppData\Local\Temp/bamboo_model/Sun_Jan_25/19_45_04#29640#50/Metadata\.29640.1.gcode 
[DEV] Running: python "G:\WEB 2026\nueva-p-gina-Ddream-3D-trae\desktop_app\main.py" C:\Users\dream\AppData\Local\Temp/bamboo_model/Sun_Jan_25/19_45_04#29640#50/Metadata\.29640.2.gcode 
[DEV] Running: python "G:\WEB 2026\nueva-p-gina-Ddream-3D-trae\desktop_app\main.py" C:\Users\dream\AppData\Local\Temp/orcaslicer_model/Mon_Jan_26/09_56_25#18328#52/Metadata\.18328.0.gcode 
[DEV] Running: python "G:\WEB 2026\nueva-p-gina-Ddream-3D-trae\desktop_app\main.py" C:\Users\dream\AppData\Local\Temp/orcaslicer_model/Mon_Jan_26/09_56_25#18328#52/Metadata\.18328.1.gcode 
[DEV] Running: python "G:\WEB 2026\nueva-p-gina-Ddream-3D-trae\desktop_app\main.py" C:\Users\dream\AppData\Local\Temp/bamboo_model/Mon_Jan_26/10_07_43#9960#50/Metadata\.9960.0.gcode 
[DEV] Running: python "G:\WEB 2026\nueva-p-gina-Ddream-3D-trae\desktop_app\main.py" C:\Users\dream\AppData\Local\Temp/bamboo_model/Mon_Jan_26/10_07_43#9960#50/Metadata\.9960.1.gcode 
[DEV] Running: python "G:\WEB 2026\nueva-p-gina-Ddream-3D-trae\desktop_app\main.py" C:\Users\dream\AppData\Local\Temp/bamboo_model/Mon_Jan_26/10_07_43#9960#50/Metadata\.9960.0.gcode 
[DEV] Running: python "G:\WEB 2026\nueva-p-gina-Ddream-3D-trae\desktop_app\main.py" C:\Users\dream\AppData\Local\Temp/bamboo_model/Mon_Jan_26/10_07_43#9960#50/Metadata\.9960.1.gcode 
[DEV] Running: python "G:\WEB 2026\nueva-p-gina-Ddream-3D-trae\desktop_app\main.py" C:\Users\dream\AppData\Local\Temp/bamboo_model/Mon_Jan_26/10_59_58#9960#288/Metadata\.9960.2.gcode 
[DEV] Running: python "G:\WEB 2026\nueva-p-gina-Ddream-3D-trae\desktop_app\main.py" C:\Users\dream\AppData\Local\Temp/bamboo_model/Mon_Jan_26/10_59_58#9960#288/Metadata\.9960.3.gcode 
[DEV] Running: python "G:\WEB 2026\nueva-p-gina-Ddream-3D-trae\desktop_app\main.py" C:\Users\dream\AppData\Local\Temp/bamboo_model/Mon_Jan_26/10_59_58#9960#288/Metadata\.9960.2.gcode 
[DEV] Running: python "G:\WEB 2026\nueva-p-gina-Ddream-3D-trae\desktop_app\main.py" C:\Users\dream\AppData\Local\Temp/bamboo_model/Mon_Jan_26/10_59_58#9960#288/Metadata\.9960.2.gcode 
[DEV] Running: python "G:\WEB 2026\nueva-p-gina-Ddream-3D-trae\desktop_app\main.py" C:\Users\dream\AppData\Local\Temp/bamboo_model/Mon_Jan_26/10_59_58#9960#288/Metadata\.9960.3.gcode 
[DEV] Running: python "G:\WEB 2026\nueva-p-gina-Ddream-3D-trae\desktop_app\main.py" C:\Users\dream\AppData\Local\Temp/bamboo_model/Mon_Jan_26/10_59_58#9960#288/Metadata\.9960.2.gcode 
[DEV] Running: python "G:\WEB 2026\nueva-p-gina-Ddream-3D-trae\desktop_app\main.py" C:\Users\dream\AppData\Local\Temp/bamboo_model/Mon_Jan_26/10_59_58#9960#288/Metadata\.9960.3.gcode 
[DEV] Running: python "G:\WEB 2026\nueva-p-gina-Ddream-3D-trae\desktop_app\main.py" C:\Users\dream\AppData\Local\Temp/bamboo_model/Mon_Jan_26/10_59_58#9960#288/Metadata\.9960.2.gcode 
[DEV] Running: python "G:\WEB 2026\nueva-p-gina-Ddream-3D-trae\desktop_app\main.py" C:\Users\dream\AppData\Local\Temp/bamboo_model/Mon_Jan_26/10_59_58#9960#288/Metadata\.9960.3.gcode 
[DEV] Running: python "G:\WEB 2026\nueva-p-gina-Ddream-3D-trae\desktop_app\main.py" C:\Users\dream\AppData\Local\Temp/bamboo_model/Mon_Jan_26/10_07_12#23560#54/Metadata\.23560.0.gcode 
[DEV] Running: python "G:\WEB 2026\nueva-p-gina-Ddream-3D-trae\desktop_app\main.py" C:\Users\dream\AppData\Local\Temp/bamboo_model/Mon_Jan_26/10_07_12#23560#54/Metadata\.23560.1.gcode 
[DEV] Running: python "G:\WEB 2026\nueva-p-gina-Ddream-3D-trae\desktop_app\main.py" C:\Users\dream\AppData\Local\Temp/bamboo_model/Mon_Jan_26/10_07_12#23560#54/Metadata\.23560.0.gcode 
[DEV] Running: python "G:\WEB 2026\nueva-p-gina-Ddream-3D-trae\desktop_app\main.py" C:\Users\dream\AppData\Local\Temp/bamboo_model/Mon_Jan_26/10_07_12#23560#54/Metadata\.23560.1.gcode 
[DEV] Running: python "G:\WEB 2026\nueva-p-gina-Ddream-3D-trae\desktop_app\main.py" C:\Users\dream\AppData\Local\Temp/bamboo_model/Mon_Jan_26/10_07_12#23560#54/Metadata\.23560.0.gcode 
[DEV] Running: python "G:\WEB 2026\nueva-p-gina-Ddream-3D-trae\desktop_app\main.py" C:\Users\dream\AppData\Local\Temp/bamboo_model/Mon_Jan_26/10_07_12#23560#54/Metadata\.23560.0.gcode 
[DEV] Running: python "G:\WEB 2026\nueva-p-gina-Ddream-3D-trae\desktop_app\main.py" C:\Users\dream\AppData\Local\Temp/bamboo_model/Mon_Jan_26/10_07_12#23560#54/Metadata\.23560.0.gcode 
[DEV] Running: python "G:\WEB 2026\nueva-p-gina-Ddream-3D-trae\desktop_app\main.py" C:\Users\dream\AppData\Local\Temp/bamboo_model/Mon_Jan_26/10_07_12#23560#54/Metadata\.23560.1.gcode 
[DEV] Running: python "G:\WEB 2026\nueva-p-gina-Ddream-3D-trae\desktop_app\main.py" C:\Users\dream\AppData\Local\Temp/bamboo_model/Mon_Jan_26/10_07_12#23560#54/Metadata\.23560.0.gcode 
[DEV] Running: python "G:\WEB 2026\nueva-p-gina-Ddream-3D-trae\desktop_app\main.py" C:\Users\dream\AppData\Local\Temp/bamboo_model/Mon_Jan_26/10_07_12#23560#54/Metadata\.23560.0.gcode 
[DEV] Running: python "G:\WEB 2026\nueva-p-gina-Ddream-3D-trae\desktop_app\main.py" C:\Users\dream\AppData\Local\Temp/bamboo_model/Mon_Jan_26/10_07_12#23560#54/Metadata\.23560.0.gcode 
[DEV] Running: python "G:\WEB 2026\nueva-p-gina-Ddream-3D-trae\desktop_app\main.py" C:\Users\dream\AppData\Local\Temp/bamboo_model/Mon_Jan_26/10_07_12#23560#54/Metadata\.23560.0.gcode 
[DEV] Running: python "G:\WEB 2026\nueva-p-gina-Ddream-3D-trae\desktop_app\main.py" C:\Users\dream\AppData\Local\Temp/bamboo_model/Mon_Jan_26/10_07_12#23560#54/Metadata\.23560.1.gcode 
[DEV] Running: python "G:\WEB 2026\nueva-p-gina-Ddream-3D-trae\desktop_app\main.py" C:\Users\dream\AppData\Local\Temp/bamboo_model/Mon_Jan_26/10_07_12#23560#54/Metadata\.23560.0.gcode 
[DEV] Running: python "G:\WEB 2026\nueva-p-gina-Ddream-3D-trae\desktop_app\main.py" C:\Users\dream\AppData\Local\Temp/bamboo_model/Mon_Jan_26/10_07_12#23560#54/Metadata\.23560.1.gcode 
